<?xml version="1.0" encoding="UTF-8"?>
<!-- Generated by org.testng.reporters.JUnitReportReporter -->
<testsuite hostname="USER-PC" failures="0" tests="3" name="Test.LoginTest_DataProvider" time="117.153" errors="0" timestamp="2022-12-05T12:08:30 IST" skipped="0">
  <testcase classname="Test.LoginTest_DataProvider" name="LoginValidation" time="17.851"/>
  <system-out/>
  <testcase classname="Test.LoginTest_DataProvider" name="LoginValidation" time="28.564"/>
  <system-out/>
  <testcase classname="Test.LoginTest_DataProvider" name="LoginValidation" time="70.738"/>
  <system-out/>
</testsuite> <!-- Test.LoginTest_DataProvider -->
