<?xml version="1.0" encoding="UTF-8"?>
<!-- Generated by org.testng.reporters.JUnitReportReporter -->
<testsuite hostname="USER-PC" failures="0" tests="1" name="Test.HomeTC" time="105.265" errors="0" timestamp="2022-12-04T00:48:58 IST" skipped="0">
  <testcase classname="Test.HomeTC" name="LoginValidation" time="105.265"/>
  <system-out/>
</testsuite> <!-- Test.HomeTC -->
